<?xml version="1.0" encoding="UTF-8"?>
<!-- Generated by org.testng.reporters.JUnitReportReporter -->
<testsuite hostname="Shashank" failures="0" tests="3" name="Testng.Reports" time="0.018" errors="0" timestamp="2024-09-25T00:52:02 IST" skipped="0">
  <testcase classname="Testng.Reports" name="test1" time="0.013"/>
  <testcase classname="Testng.Reports" name="test3" time="0.002"/>
  <testcase classname="Testng.Reports" name="test2" time="0.003"/>
</testsuite> <!-- Testng.Reports -->
