<?xml version="1.0" encoding="UTF-8"?>
<!-- Generated by org.testng.reporters.JUnitReportReporter -->
<testsuite hostname="Shashank" failures="0" tests="2" name="testNGexecutionorder.Delete" time="0.006" errors="0" timestamp="2024-08-11T15:11:46 IST" skipped="2">
  <testcase classname="testNGexecutionorder.Delete" name="name" time="0.006">
    <skipped/>
  </testcase> <!-- name -->
  <testcase classname="testNGexecutionorder.Delete" name="test">
    <skipped/>
  </testcase> <!-- test -->
</testsuite> <!-- testNGexecutionorder.Delete -->
