<?xml version="1.0" encoding="UTF-8"?>
<!-- Generated by org.testng.reporters.JUnitReportReporter -->
<testsuite hostname="Shashank" failures="0" tests="4" name="testNGexecutionorder.PrioritiseExample" time="0.011" errors="0" timestamp="2024-05-31T20:23:23 IST" skipped="0">
  <testcase classname="testNGexecutionorder.PrioritiseExample" name="testone" time="0.007"/>
  <testcase classname="testNGexecutionorder.PrioritiseExample" name="testSecond" time="0.001"/>
  <testcase classname="testNGexecutionorder.PrioritiseExample" name="testThird" time="0.001"/>
  <testcase classname="testNGexecutionorder.PrioritiseExample" name="testFourth" time="0.002"/>
</testsuite> <!-- testNGexecutionorder.PrioritiseExample -->
