<?xml version="1.0" encoding="UTF-8"?>
<!-- Generated by org.testng.reporters.JUnitReportReporter -->
<testsuite hostname="Shashank" failures="0" tests="2" name="TestNGDataProviders.ITParameterization" time="0.017" errors="0" timestamp="2024-10-02T20:17:46 IST" skipped="0">
  <testcase classname="TestNGDataProviders.ITParameterization" name="add" time="0.016"/>
  <testcase classname="TestNGDataProviders.ITParameterization" name="substraction" time="0.001"/>
</testsuite> <!-- TestNGDataProviders.ITParameterization -->
