<?xml version="1.0" encoding="UTF-8"?>
<!-- Generated by org.testng.reporters.JUnitReportReporter -->
<testsuite hostname="Shashank" failures="0" tests="2" name="training.testNG.sampleTwo" time="0.004" errors="0" timestamp="2024-10-02T20:17:46 IST" skipped="0">
  <testcase classname="training.testNG.sampleTwo" name="sampleTwoPracticeSecond" time="0.002"/>
  <testcase classname="training.testNG.sampleTwo" name="sampleTwoPracticefirst" time="0.002"/>
</testsuite> <!-- training.testNG.sampleTwo -->
