<?xml version="1.0" encoding="UTF-8"?>
<!-- Generated by org.testng.reporters.JUnitReportReporter -->
<testsuite hostname="Shashank" failures="0" tests="1" name="training.testNG.sampleAgain" time="0.003" errors="0" timestamp="2024-10-02T20:17:46 IST" skipped="0">
  <testcase classname="training.testNG.sampleAgain" name="sample" time="0.003"/>
</testsuite> <!-- training.testNG.sampleAgain -->
