<?xml version="1.0" encoding="UTF-8"?>
<!-- Generated by org.testng.reporters.JUnitReportReporter -->
<testsuite hostname="Shashank" failures="0" tests="3" name="Testng.Basics" time="0.019" errors="0" timestamp="2024-09-14T00:25:48 IST" skipped="0">
  <testcase classname="Testng.Basics" name="second" time="0.004"/>
  <testcase classname="Testng.Basics" name="fourth" time="0.013"/>
  <testcase classname="Testng.Basics" name="third" time="0.002"/>
</testsuite> <!-- Testng.Basics -->
