<?xml version="1.0" encoding="UTF-8"?>
<!-- Generated by org.testng.reporters.JUnitReportReporter -->
<testsuite hostname="Shashank" failures="0" tests="3" name="testNGexecutionorder.TestCaseGrouping" time="0.006" errors="0" timestamp="2024-10-02T20:17:46 IST" skipped="0">
  <testcase classname="testNGexecutionorder.TestCaseGrouping" name="testone" time="0.002"/>
  <testcase classname="testNGexecutionorder.TestCaseGrouping" name="testFourth" time="0.002"/>
  <testcase classname="testNGexecutionorder.TestCaseGrouping" name="testSecond" time="0.002"/>
</testsuite> <!-- testNGexecutionorder.TestCaseGrouping -->
