<?xml version="1.0" encoding="UTF-8"?>
<!-- Generated by org.testng.reporters.JUnitReportReporter -->
<testsuite hostname="Shashank" failures="0" tests="2" name="testNGexecutionorder.TestParameter" time="0.006" errors="0" timestamp="2024-10-01T23:51:45 IST" skipped="0">
  <testcase classname="testNGexecutionorder.TestParameter" name="TestcaseOne" time="0.002"/>
  <testcase classname="testNGexecutionorder.TestParameter" name="TestcaseSecond" time="0.004"/>
</testsuite> <!-- testNGexecutionorder.TestParameter -->
