<?xml version="1.0" encoding="UTF-8"?>
<!-- Generated by org.testng.reporters.JUnitReportReporter -->
<testsuite hostname="Shashank" failures="0" tests="3" name="TestNGDataProviders.TestParameterExample" time="0.014" errors="0" timestamp="2024-08-12T01:20:54 IST" skipped="0">
  <testcase classname="TestNGDataProviders.TestParameterExample" name="testMethod" time="0.002"/>
  <testcase classname="TestNGDataProviders.TestParameterExample" name="testMethod" time="0.010"/>
  <testcase classname="TestNGDataProviders.TestParameterExample" name="testMethod" time="0.002"/>
</testsuite> <!-- TestNGDataProviders.TestParameterExample -->
