<?xml version="1.0" encoding="UTF-8"?>
<!-- Generated by org.testng.reporters.JUnitReportReporter -->
<testsuite hostname="Shashank" failures="0" tests="4" name="testNGexecutionorder.SkippingExample" time="0.020" errors="0" timestamp="2024-09-05T17:10:20 IST" skipped="2">
  <testcase classname="testNGexecutionorder.SkippingExample" name="testSecond" time="0.001"/>
  <testcase classname="testNGexecutionorder.SkippingExample" name="testFourth" time="0.017"/>
  <testcase classname="testNGexecutionorder.SkippingExample" name="testThird" time="0.002">
    <skipped/>
  </testcase> <!-- testThird -->
  <testcase classname="testNGexecutionorder.SkippingExample" name="testone">
    <skipped/>
  </testcase> <!-- testone -->
</testsuite> <!-- testNGexecutionorder.SkippingExample -->
