<?xml version="1.0" encoding="UTF-8"?>
<!-- Generated by org.testng.reporters.JUnitReportReporter -->
<testsuite hostname="Shashank" failures="0" tests="2" name="training.testNG.sampleOne" time="0.005" errors="0" timestamp="2024-10-02T20:17:46 IST" skipped="0">
  <testcase classname="training.testNG.sampleOne" name="sampleOnePracticeSecond" time="0.003"/>
  <testcase classname="training.testNG.sampleOne" name="sampleOnePracticefirst" time="0.002"/>
</testsuite> <!-- training.testNG.sampleOne -->
