<?xml version="1.0" encoding="UTF-8"?>
<!-- Generated by org.testng.reporters.JUnitReportReporter -->
<testsuite hostname="Shashank" failures="0" tests="1" name="Testng.Newtry" time="0.009" errors="0" timestamp="2024-10-02T20:17:46 IST" skipped="0">
  <testcase classname="Testng.Newtry" name="main" time="0.009"/>
</testsuite> <!-- Testng.Newtry -->
