<?xml version="1.0" encoding="UTF-8"?>
<!-- Generated by org.testng.reporters.JUnitReportReporter -->
<testsuite hostname="Shashank" failures="0" tests="2" name="TestNGDataProviders.TestParameters" time="0.007" errors="0" timestamp="2024-10-02T20:17:46 IST" skipped="0">
  <testcase classname="TestNGDataProviders.TestParameters" name="TestcaseOne" time="0.003"/>
  <testcase classname="TestNGDataProviders.TestParameters" name="TestcaseSecond" time="0.004"/>
</testsuite> <!-- TestNGDataProviders.TestParameters -->
