<?xml version="1.0" encoding="UTF-8"?>
<!-- Generated by org.testng.reporters.JUnitReportReporter -->
<testsuite hostname="Shashank" failures="0" tests="1" name="Testng.PropertyFilesIT" time="9.434" errors="0" timestamp="2024-09-23T02:10:16 IST" skipped="0">
  <testcase classname="Testng.PropertyFilesIT" name="login" time="9.434"/>
</testsuite> <!-- Testng.PropertyFilesIT -->
