<?xml version="1.0" encoding="UTF-8"?>
<!-- Generated by org.testng.reporters.JUnitReportReporter -->
<testsuite hostname="Shashank" failures="0" tests="1" name="Testng.Firsttry$SimpleTest" time="0.011" errors="0" timestamp="2024-09-06T00:56:00 IST" skipped="0">
  <testcase classname="Testng.Firsttry$SimpleTest" name="testMethod" time="0.011"/>
</testsuite> <!-- Testng.Firsttry$SimpleTest -->
