<?xml version="1.0" encoding="UTF-8"?>
<!-- Generated by org.testng.reporters.JUnitReportReporter -->
<testsuite hostname="Shashank" failures="0" tests="2" name="Testng.Fb_Login_page" time="0.011" errors="0" timestamp="2024-09-26T00:26:53 IST" skipped="0">
  <testcase classname="Testng.Fb_Login_page" name="Loginwithinvalidcredentials" time="0.010"/>
  <testcase classname="Testng.Fb_Login_page" name="Loginwithvalidcredentials" time="0.001"/>
</testsuite> <!-- Testng.Fb_Login_page -->
