<?xml version="1.0" encoding="UTF-8"?>
<!-- Generated by org.testng.reporters.JUnitReportReporter -->
<testsuite hostname="Shashank" failures="0" tests="2" name="testNGexecutionorder.AnnotationsTest" time="0.007" errors="0" timestamp="2024-09-27T01:15:08 IST" skipped="0">
  <testcase classname="testNGexecutionorder.AnnotationsTest" name="Second" time="0.006"/>
  <testcase classname="testNGexecutionorder.AnnotationsTest" name="first" time="0.001"/>
</testsuite> <!-- testNGexecutionorder.AnnotationsTest -->
