<?xml version="1.0" encoding="UTF-8"?>
<!-- Generated by org.testng.reporters.JUnitReportReporter -->
<testsuite hostname="Shashank" failures="0" tests="6" name="Testng.InvocationCount_IT" time="0.021" errors="0" timestamp="2024-09-20T20:28:02 IST" skipped="0">
  <testcase classname="Testng.InvocationCount_IT" name="count" time="0.013"/>
  <testcase classname="Testng.InvocationCount_IT" name="count" time="0.002"/>
  <testcase classname="Testng.InvocationCount_IT" name="count" time="0.001"/>
  <testcase classname="Testng.InvocationCount_IT" name="count" time="0.001"/>
  <testcase classname="Testng.InvocationCount_IT" name="count1" time="0.002"/>
  <testcase classname="Testng.InvocationCount_IT" name="count" time="0.002"/>
</testsuite> <!-- Testng.InvocationCount_IT -->
